INFO main xmas.tui - 
Mob **Getroffen !!
Leben vor dem Treffer = 15
Leben nach dem Treffer = 10
Mob ^^Getroffen !!
Leben vor dem Treffer = 10
Leben nach dem Treffer = 5
Mob ^^Getroffen !!
Leben vor dem Treffer = 5
Leben nach dem Treffer = 0
26ter Mob ^^Tod !!!!!

INFO main xmas.tui - 
0  1  2  3  4  5  6  7  
1  ## .. ## ## ## ## ## 
2  ## ** .. .. K| .. ## 
3  ## ** .. ** .. .. ## 
4  ## K| K| ^^ .. .. ## 
5  ## .. K| .. .. .. ## 
6  ## .. .. .. .. .. ## 
7  ## En ## ## ## ## ## 


INFO main xmas.tui - 
Mob **Getroffen !!
Leben vor dem Treffer = 15
Leben nach dem Treffer = 10
Mob **Getroffen !!
Leben vor dem Treffer = 5
Leben nach dem Treffer = 0
28ter Mob **Tod !!!!!
Mob **Getroffen !!
Leben vor dem Treffer = 10
Leben nach dem Treffer = 5
Mob ^^Getroffen !!
Leben vor dem Treffer = 5
Leben nach dem Treffer = 0
27ter Mob ^^Tod !!!!!

INFO main xmas.tui - 
0  1  2  3  4  5  6  7  
1  ## .. ## ## ## ## ## 
2  ## && .. .. K| .. ## 
3  ## ** ** .. .. .. ## 
4  ## K| K| .. .. .. ## 
5  ## .. K| .. .. .. ## 
6  ## .. .. .. .. .. ## 
7  ## En ## ## ## ## ## 


INFO main xmas.tui - 
Mob &&Getroffen !!
Leben vor dem Treffer = 50
Leben nach dem Treffer = 45
Mob **Getroffen !!
Leben vor dem Treffer = 10
Leben nach dem Treffer = 5

INFO main xmas.tui - 
0  1  2  3  4  5  6  7  
1  ## .. ## ## ## ## ## 
2  ## .. .. .. K| .. ## 
3  ## && ** ** .. .. ## 
4  ## K| K| .. .. .. ## 
5  ## .. K| .. .. .. ## 
6  ## .. .. .. .. .. ## 
7  ## En ## ## ## ## ## 


INFO main xmas.tui - 
Mob **Getroffen !!
Leben vor dem Treffer = 5
Leben nach dem Treffer = 0
29ter Mob **Tod !!!!!
Mob &&Getroffen !!
Leben vor dem Treffer = 45
Leben nach dem Treffer = 40

INFO main xmas.tui - 
0  1  2  3  4  5  6  7  
1  ## .. ## ## ## ## ## 
2  ## .. .. .. K| .. ## 
3  ## .. && ** .. .. ## 
4  ## K| K| .. .. .. ## 
5  ## .. K| .. .. .. ## 
6  ## .. .. .. .. .. ## 
7  ## En ## ## ## ## ## 


INFO main xmas.tui - 
Mob **Getroffen !!
Leben vor dem Treffer = 5
Leben nach dem Treffer = 0
30ter Mob **Tod !!!!!

INFO main xmas.tui - 
0  1  2  3  4  5  6  7  
1  ## .. ## ## ## ## ## 
2  ## .. .. .. K| .. ## 
3  ## .. .. && .. .. ## 
4  ## K| K| .. .. .. ## 
5  ## .. K| .. .. .. ## 
6  ## .. .. .. .. .. ## 
7  ## En ## ## ## ## ## 


INFO main xmas.tui - 
Mob &&Getroffen !!
Leben vor dem Treffer = 40
Leben nach dem Treffer = 35

INFO main xmas.tui - 
0  1  2  3  4  5  6  7  
1  ## .. ## ## ## ## ## 
2  ## .. .. .. K| .. ## 
3  ## .. .. .. .. .. ## 
4  ## K| K| && .. .. ## 
5  ## .. K| .. .. .. ## 
6  ## .. .. .. .. .. ## 
7  ## En ## ## ## ## ## 


INFO main xmas.tui - 
Mob &&Getroffen !!
Leben vor dem Treffer = 35
Leben nach dem Treffer = 30

INFO main xmas.tui - 
0  1  2  3  4  5  6  7  
1  ## .. ## ## ## ## ## 
2  ## .. .. .. K| .. ## 
3  ## .. .. .. .. .. ## 
4  ## K| K| .. .. .. ## 
5  ## .. K| && .. .. ## 
6  ## .. .. .. .. .. ## 
7  ## En ## ## ## ## ## 


INFO main xmas.tui - 

INFO main xmas.tui - 
0  1  2  3  4  5  6  7  
1  ## .. ## ## ## ## ## 
2  ## .. .. .. K| .. ## 
3  ## .. .. .. .. .. ## 
4  ## K| K| .. .. .. ## 
5  ## .. K| .. .. .. ## 
6  ## .. .. && .. .. ## 
7  ## En ## ## ## ## ## 


INFO main xmas.tui - 
Mob &&Getroffen !!
Leben vor dem Treffer = 30
Leben nach dem Treffer = 25

INFO main xmas.tui - 
0  1  2  3  4  5  6  7  
1  ## .. ## ## ## ## ## 
2  ## .. .. .. K| .. ## 
3  ## .. .. .. .. .. ## 
4  ## K| K| .. .. .. ## 
5  ## .. K| .. .. .. ## 
6  ## .. && .. .. .. ## 
7  ## En ## ## ## ## ## 


INFO main xmas.tui - 

INFO main xmas.tui - 
0  1  2  3  4  5  6  7  
1  ## .. ## ## ## ## ## 
2  ## .. .. .. K| .. ## 
3  ## .. .. .. .. .. ## 
4  ## K| K| .. .. .. ## 
5  ## .. K| .. .. .. ## 
6  ## && .. .. .. .. ## 
7  ## En ## ## ## ## ## 


INFO main xmas.tui - 

INFO main xmas.tui - 
0  1  2  3  4  5  6  7  
1  ## .. ## ## ## ## ## 
2  ## .. .. .. K| .. ## 
3  ## .. .. .. .. .. ## 
4  ## K| K| .. .. .. ## 
5  ## .. K| .. .. .. ## 
6  ## .. .. .. .. .. ## 
7  ## En ## ## ## ## ## 


INFO main xmas.tui - 

INFO main xmas.tui - 
0  1  2  3  4  5  6  7  
1  ## .. ## ## ## ## ## 
2  ## .. .. .. K| .. ## 
3  ## .. .. .. .. .. ## 
4  ## K| K| .. .. .. ## 
5  ## .. K| .. .. .. ## 
6  ## .. .. .. .. .. ## 
7  ## En ## ## ## ## ## 


INFO main xmas.tui - 
Wählen einen Palmentower aus ... 
Kokusnuss = K  / Lammeta = L  / Christkugeln = C | Quit = q 
